<?xml version="1.0" encoding="UTF-8"?>
<!-- Generated by org.testng.reporters.JUnitReportReporter -->
<testsuite hostname="raramuri-Latitude-E7470" failures="0" tests="1" name="com.PracticeHardCode.HardCode" time="31.884" errors="0" timestamp="2021-12-20T22:34:55 IST" skipped="0">
  <testcase classname="com.PracticeHardCode.HardCode" name="test" time="31.884"/>
  <system-out/>
</testsuite> <!-- com.PracticeHardCode.HardCode -->
